<?xml version="1.0" encoding="UTF-8"?>
<testsuites name="jest tests" tests="945" failures="0" errors="0" time="223.561">
  <testsuite name="UserService" errors="0" failures="0" skipped="0" timestamp="2025-04-15T07:12:46" time="69.678" tests="23">
    <testcase classname="UserService Validation should validate email format" name="UserService Validation should validate email format" time="1.093">
    </testcase>
    <testcase classname="UserService Validation should validate contact number format" name="UserService Validation should validate contact number format" time="0.68">
    </testcase>
    <testcase classname="UserService Validation should validate role" name="UserService Validation should validate role" time="0.699">
    </testcase>
    <testcase classname="UserService Validation should validate password length" name="UserService Validation should validate password length" time="0.68">
    </testcase>
    <testcase classname="UserService User Creation should create teacher user with role data" name="UserService User Creation should create teacher user with role data" time="3.741">
    </testcase>
    <testcase classname="UserService User Creation should fail creating user with existing email" name="UserService User Creation should fail creating user with existing email" time="2.957">
    </testcase>
    <testcase classname="UserService Authentication should login user with valid credentials" name="UserService Authentication should login user with valid credentials" time="3.513">
    </testcase>
    <testcase classname="UserService Authentication should fail logout with an invalid token" name="UserService Authentication should fail logout with an invalid token" time="0.684">
    </testcase>
    <testcase classname="UserService User Retrieval should get user by id with role details" name="UserService User Retrieval should get user by id with role details" time="3.65">
    </testcase>
    <testcase classname="UserService User Retrieval should fail with non-existent user id" name="UserService User Retrieval should fail with non-existent user id" time="0.695">
    </testcase>
    <testcase classname="UserService User Retrieval should get paginated users" name="UserService User Retrieval should get paginated users" time="9.612">
    </testcase>
    <testcase classname="UserService User Update should update user data" name="UserService User Update should update user data" time="2.876">
    </testcase>
    <testcase classname="UserService Password Management should change password with valid credentials" name="UserService Password Management should change password with valid credentials" time="3.705">
    </testcase>
    <testcase classname="UserService Password Management should fail password change with invalid old password" name="UserService Password Management should fail password change with invalid old password" time="3.062">
    </testcase>
    <testcase classname="UserService User Deletion should delete existing user" name="UserService User Deletion should delete existing user" time="3.864">
    </testcase>
    <testcase classname="UserService User Deletion should throw error for non-existent user" name="UserService User Deletion should throw error for non-existent user" time="3.453">
    </testcase>
    <testcase classname="UserService User Deletion should rollback transaction on error" name="UserService User Deletion should rollback transaction on error" time="2.911">
    </testcase>
    <testcase classname="UserService Role and School Queries should get users by role" name="UserService Role and School Queries should get users by role" time="3.526">
    </testcase>
    <testcase classname="UserService Role and School Queries should get users by school" name="UserService Role and School Queries should get users by school" time="3.311">
    </testcase>
    <testcase classname="UserService Password Reset should fail for non-existent email" name="UserService Password Reset should fail for non-existent email" time="2.974">
    </testcase>
    <testcase classname="UserService Password Reset should fail verification for incorrect reset code" name="UserService Password Reset should fail verification for incorrect reset code" time="2.91">
    </testcase>
    <testcase classname="UserService Password Reset should reset password with valid reset code" name="UserService Password Reset should reset password with valid reset code" time="3.609">
    </testcase>
    <testcase classname="UserService Password Reset should fail to reset password for non-existent user" name="UserService Password Reset should fail to reset password for non-existent user" time="2.945">
    </testcase>
  </testsuite>
  <testsuite name="Learner Model" errors="0" failures="0" skipped="0" timestamp="2025-04-15T07:13:56" time="13.655" tests="16">
    <testcase classname="Learner Model Creation should create a valid learner" name="Learner Model Creation should create a valid learner" time="1.017">
    </testcase>
    <testcase classname="Learner Model Creation should fail with invalid year level" name="Learner Model Creation should fail with invalid year level" time="0.822">
    </testcase>
    <testcase classname="Learner Model Creation should fail without enrollment_id" name="Learner Model Creation should fail without enrollment_id" time="0.766">
    </testcase>
    <testcase classname="Learner Model Associations should associate with enrollment" name="Learner Model Associations should associate with enrollment" time="0.765">
    </testcase>
    <testcase classname="Learner Model Associations should associate with user" name="Learner Model Associations should associate with user" time="0.763">
    </testcase>
    <testcase classname="Learner Model Associations should allow null group association" name="Learner Model Associations should allow null group association" time="0.75">
    </testcase>
    <testcase classname="Learner Model Associations should associate with user through belongsTo" name="Learner Model Associations should associate with user through belongsTo" time="0.754">
    </testcase>
    <testcase classname="Learner Model Associations should associate with group through belongsTo" name="Learner Model Associations should associate with group through belongsTo" time="0.765">
    </testcase>
    <testcase classname="Learner Model Associations should delete learner when user is deleted" name="Learner Model Associations should delete learner when user is deleted" time="1.235">
    </testcase>
    <testcase classname="Learner Model Constraints should enforce unique user_id" name="Learner Model Constraints should enforce unique user_id" time="0.76">
    </testcase>
    <testcase classname="Learner Model Validation should fail with zero year level" name="Learner Model Validation should fail with zero year level" time="0.744">
    </testcase>
    <testcase classname="Learner Model Validation should fail with non-existent user_id" name="Learner Model Validation should fail with non-existent user_id" time="0.762">
    </testcase>
    <testcase classname="Learner Model Validation should fail with non-existent enrollment_id" name="Learner Model Validation should fail with non-existent enrollment_id" time="0.755">
    </testcase>
    <testcase classname="Learner Model Query Operations should find learner with associations" name="Learner Model Query Operations should find learner with associations" time="0.752">
    </testcase>
    <testcase classname="Learner Model Update Operations should update year level" name="Learner Model Update Operations should update year level" time="0.747">
    </testcase>
    <testcase classname="Learner Model Data Integrity should cascade delete when enrollment is deleted" name="Learner Model Data Integrity should cascade delete when enrollment is deleted" time="0.762">
    </testcase>
  </testsuite>
  <testsuite name="RoleService" errors="0" failures="0" skipped="0" timestamp="2025-04-15T07:14:10" time="13.253" tests="18">
    <testcase classname="RoleService assignRole should assign teacher role" name="RoleService assignRole should assign teacher role" time="1.02">
    </testcase>
    <testcase classname="RoleService assignRole should fail with invalid role" name="RoleService assignRole should fail with invalid role" time="0.697">
    </testcase>
    <testcase classname="RoleService assignRole should fail with non-existent user" name="RoleService assignRole should fail with non-existent user" time="0.688">
    </testcase>
    <testcase classname="RoleService assignRole should fail when assigning learner without enrollment_id" name="RoleService assignRole should fail when assigning learner without enrollment_id" time="0.696">
    </testcase>
    <testcase classname="RoleService assignRole should fail when assigning student_teacher without required fields" name="RoleService assignRole should fail when assigning student_teacher without required fields" time="0.677">
    </testcase>
    <testcase classname="RoleService assignRole should fail when assigning learner without year_level" name="RoleService assignRole should fail when assigning learner without year_level" time="0.699">
    </testcase>
    <testcase classname="RoleService assignRole should fail when assigning same role" name="RoleService assignRole should fail when assigning same role" time="0.68">
    </testcase>
    <testcase classname="RoleService changeRole should change from teacher to admin" name="RoleService changeRole should change from teacher to admin" time="0.692">
    </testcase>
    <testcase classname="RoleService changeRole should maintain role data integrity during change" name="RoleService changeRole should maintain role data integrity during change" time="0.694">
    </testcase>
    <testcase classname="RoleService changeRole should validate role data during change" name="RoleService changeRole should validate role data during change" time="0.691">
    </testcase>
    <testcase classname="RoleService changeRole should handle concurrent role changes" name="RoleService changeRole should handle concurrent role changes" time="0.685">
    </testcase>
    <testcase classname="RoleService changeRole should fail when changing role for non-existent user" name="RoleService changeRole should fail when changing role for non-existent user" time="0.658">
    </testcase>
    <testcase classname="RoleService changeRole should fail when changing to same role" name="RoleService changeRole should fail when changing to same role" time="0.677">
    </testcase>
    <testcase classname="RoleService changeRole should rollback on failure" name="RoleService changeRole should rollback on failure" time="0.677">
    </testcase>
    <testcase classname="RoleService validateRole should validate correct roles" name="RoleService validateRole should validate correct roles" time="0.669">
    </testcase>
    <testcase classname="RoleService validateRole should reject invalid roles" name="RoleService validateRole should reject invalid roles" time="0.657">
    </testcase>
    <testcase classname="RoleService getRoleModel should return correct model for each role" name="RoleService getRoleModel should return correct model for each role" time="0.663">
    </testcase>
    <testcase classname="RoleService getRoleModel should throw error for invalid role" name="RoleService getRoleModel should throw error for invalid role" time="0.667">
    </testcase>
  </testsuite>
  <testsuite name="Enrollment Model" errors="0" failures="0" skipped="0" timestamp="2025-04-15T07:14:23" time="10.871" tests="16">
    <testcase classname="Enrollment Model Creation should create valid enrollment" name="Enrollment Model Creation should create valid enrollment" time="0.847">
    </testcase>
    <testcase classname="Enrollment Model Validation should require all mandatory fields" name="Enrollment Model Validation should require all mandatory fields" time="0.676">
    </testcase>
    <testcase classname="Enrollment Model Validation should validate email format" name="Enrollment Model Validation should validate email format" time="0.634">
    </testcase>
    <testcase classname="Enrollment Model Validation should validate year level range" name="Enrollment Model Validation should validate year level range" time="0.641">
    </testcase>
    <testcase classname="Enrollment Model Validation should validate status values" name="Enrollment Model Validation should validate status values" time="0.678">
    </testcase>
    <testcase classname="Enrollment Model Validation should not allow future birth dates" name="Enrollment Model Validation should not allow future birth dates" time="0.608">
    </testcase>
    <testcase classname="Enrollment Model Validation should allow valid past birth dates" name="Enrollment Model Validation should allow valid past birth dates" time="0.598">
    </testcase>
    <testcase classname="Enrollment Model Associations should associate with school" name="Enrollment Model Associations should associate with school" time="0.622">
    </testcase>
    <testcase classname="Enrollment Model Associations should associate with admin" name="Enrollment Model Associations should associate with admin" time="0.596">
    </testcase>
    <testcase classname="Enrollment Model Status Management should update enrollment status" name="Enrollment Model Status Management should update enrollment status" time="0.623">
    </testcase>
    <testcase classname="Enrollment Model Soft Delete should soft delete enrollment" name="Enrollment Model Soft Delete should soft delete enrollment" time="0.597">
    </testcase>
    <testcase classname="Enrollment Model Query Operations should find enrollments by status" name="Enrollment Model Query Operations should find enrollments by status" time="0.635">
    </testcase>
    <testcase classname="Enrollment Model Query Operations should paginate enrollments" name="Enrollment Model Query Operations should paginate enrollments" time="0.615">
    </testcase>
    <testcase classname="Enrollment Model Data Updates should update enrollment details" name="Enrollment Model Data Updates should update enrollment details" time="0.621">
    </testcase>
    <testcase classname="Enrollment Model Data Integrity should enforce unique email" name="Enrollment Model Data Integrity should enforce unique email" time="0.628">
    </testcase>
    <testcase classname="Enrollment Model Data Integrity should validate contact number format" name="Enrollment Model Data Integrity should validate contact number format" time="0.594">
    </testcase>
  </testsuite>
  <testsuite name="Course Model" errors="0" failures="0" skipped="0" timestamp="2025-04-15T07:14:34" time="8.689" tests="14">
    <testcase classname="Course Model Creation should create a valid course" name="Course Model Creation should create a valid course" time="0.894">
    </testcase>
    <testcase classname="Course Model Creation should fail without required fields" name="Course Model Creation should fail without required fields" time="0.602">
    </testcase>
    <testcase classname="Course Model Validation should validate name length" name="Course Model Validation should validate name length" time="0.532">
    </testcase>
    <testcase classname="Course Model Validation should validate description length" name="Course Model Validation should validate description length" time="0.537">
    </testcase>
    <testcase classname="Course Model Validation should fail with empty course name" name="Course Model Validation should fail with empty course name" time="0.514">
    </testcase>
    <testcase classname="Course Model Validation should fail with non-existent teacher_id" name="Course Model Validation should fail with non-existent teacher_id" time="0.54">
    </testcase>
    <testcase classname="Course Model Validation should fail with non-existent student_teacher_group_id" name="Course Model Validation should fail with non-existent student_teacher_group_id" time="0.536">
    </testcase>
    <testcase classname="Course Model Associations should associate with teacher" name="Course Model Associations should associate with teacher" time="0.564">
    </testcase>
    <testcase classname="Course Model Associations should associate with groups" name="Course Model Associations should associate with groups" time="0.528">
    </testcase>
    <testcase classname="Course Model Constraints should enforce unique course name" name="Course Model Constraints should enforce unique course name" time="0.545">
    </testcase>
    <testcase classname="Course Model Soft Deletion should soft delete course" name="Course Model Soft Deletion should soft delete course" time="0.536">
    </testcase>
    <testcase classname="Course Model Multiple Courses should allow multiple courses per teacher" name="Course Model Multiple Courses should allow multiple courses per teacher" time="0.555">
    </testcase>
    <testcase classname="Course Model Updates should update course details" name="Course Model Updates should update course details" time="0.528">
    </testcase>
    <testcase classname="Course Model Query Operations should find courses with pagination" name="Course Model Query Operations should find courses with pagination" time="0.544">
    </testcase>
  </testsuite>
  <testsuite name="School Model" errors="0" failures="0" skipped="0" timestamp="2025-04-15T07:14:42" time="8.89" tests="15">
    <testcase classname="School Model Creation should create a valid school" name="School Model Creation should create a valid school" time="0.721">
    </testcase>
    <testcase classname="School Model Creation should fail without required fields" name="School Model Creation should fail without required fields" time="0.59">
    </testcase>
    <testcase classname="School Model Validation should validate name is required" name="School Model Validation should validate name is required" time="0.519">
    </testcase>
    <testcase classname="School Model Validation should validate address is required" name="School Model Validation should validate address is required" time="0.511">
    </testcase>
    <testcase classname="School Model Validation should validate contact number format" name="School Model Validation should validate contact number format" time="0.5">
    </testcase>
    <testcase classname="School Model Validation should accept valid contact number formats" name="School Model Validation should accept valid contact number formats" time="0.523">
    </testcase>
    <testcase classname="School Model Validation should validate name length" name="School Model Validation should validate name length" time="0.527">
    </testcase>
    <testcase classname="School Model Validation should not allow empty contact number" name="School Model Validation should not allow empty contact number" time="0.504">
    </testcase>
    <testcase classname="School Model Associations should have many users" name="School Model Associations should have many users" time="0.513">
    </testcase>
    <testcase classname="School Model Constraints should enforce unique school name" name="School Model Constraints should enforce unique school name" time="0.528">
    </testcase>
    <testcase classname="School Model Soft Deletion should soft delete school" name="School Model Soft Deletion should soft delete school" time="0.516">
    </testcase>
    <testcase classname="School Model Updates should update school details" name="School Model Updates should update school details" time="0.51">
    </testcase>
    <testcase classname="School Model Cascade Behavior should not delete school with active users" name="School Model Cascade Behavior should not delete school with active users" time="0.531">
    </testcase>
    <testcase classname="School Model Query Operations should find schools with pagination" name="School Model Query Operations should find schools with pagination" time="0.53">
    </testcase>
    <testcase classname="School Model Query Operations should search schools by name" name="School Model Query Operations should search schools by name" time="0.733">
    </testcase>
  </testsuite>
  <testsuite name="StudentTeacher Model" errors="0" failures="0" skipped="0" timestamp="2025-04-15T07:14:51" time="7.703" tests="12">
    <testcase classname="StudentTeacher Model Creation should create a valid student teacher" name="StudentTeacher Model Creation should create a valid student teacher" time="0.704">
    </testcase>
    <testcase classname="StudentTeacher Model Creation should fail without required fields" name="StudentTeacher Model Creation should fail without required fields" time="0.705">
    </testcase>
    <testcase classname="StudentTeacher Model Validation should require section" name="StudentTeacher Model Validation should require section" time="0.664">
    </testcase>
    <testcase classname="StudentTeacher Model Validation should require department" name="StudentTeacher Model Validation should require department" time="0.58">
    </testcase>
    <testcase classname="StudentTeacher Model Validation should not allow empty section" name="StudentTeacher Model Validation should not allow empty section" time="0.597">
    </testcase>
    <testcase classname="StudentTeacher Model Associations should associate with user" name="StudentTeacher Model Associations should associate with user" time="0.553">
    </testcase>
    <testcase classname="StudentTeacher Model Associations should associate with group" name="StudentTeacher Model Associations should associate with group" time="0.532">
    </testcase>
    <testcase classname="StudentTeacher Model Constraints should enforce unique user_id" name="StudentTeacher Model Constraints should enforce unique user_id" time="0.559">
    </testcase>
    <testcase classname="StudentTeacher Model Query Operations should find by department" name="StudentTeacher Model Query Operations should find by department" time="0.526">
    </testcase>
    <testcase classname="StudentTeacher Model Soft Delete should soft delete student teacher" name="StudentTeacher Model Soft Delete should soft delete student teacher" time="0.524">
    </testcase>
    <testcase classname="StudentTeacher Model Soft Delete should cascade delete when user is deleted" name="StudentTeacher Model Soft Delete should cascade delete when user is deleted" time="0.534">
    </testcase>
    <testcase classname="StudentTeacher Model Updates should update student teacher details" name="StudentTeacher Model Updates should update student teacher details" time="0.532">
    </testcase>
  </testsuite>
  <testsuite name="Group Model" errors="0" failures="0" skipped="0" timestamp="2025-04-15T07:14:59" time="6.819" tests="11">
    <testcase classname="Group Model Creation should create a valid group" name="Group Model Creation should create a valid group" time="0.709">
    </testcase>
    <testcase classname="Group Model Creation should fail without required fields" name="Group Model Creation should fail without required fields" time="0.567">
    </testcase>
    <testcase classname="Group Model Validation should validate group type" name="Group Model Validation should validate group type" time="0.536">
    </testcase>
    <testcase classname="Group Model Validation should not allow empty name" name="Group Model Validation should not allow empty name" time="0.513">
    </testcase>
    <testcase classname="Group Model Associations should have many learners" name="Group Model Associations should have many learners" time="0.731">
    </testcase>
    <testcase classname="Group Model Associations should have many student teachers when type is student_teacher" name="Group Model Associations should have many student teachers when type is student_teacher" time="0.567">
    </testcase>
    <testcase classname="Group Model Query Operations should find groups by type" name="Group Model Query Operations should find groups by type" time="0.52">
    </testcase>
    <testcase classname="Group Model Soft Delete should soft delete group" name="Group Model Soft Delete should soft delete group" time="0.51">
    </testcase>
    <testcase classname="Group Model Course Associations should associate with courses" name="Group Model Course Associations should associate with courses" time="0.535">
    </testcase>
    <testcase classname="Group Model Updates should update group name" name="Group Model Updates should update group name" time="0.51">
    </testcase>
    <testcase classname="Group Model Cascade Delete should handle associations on delete" name="Group Model Cascade Delete should handle associations on delete" time="0.501">
    </testcase>
  </testsuite>
  <testsuite name="Module Model" errors="0" failures="0" skipped="0" timestamp="2025-04-15T07:15:06" time="6.717" tests="9">
    <testcase classname="Module Model Creation should create a valid module" name="Module Model Creation should create a valid module" time="0.853">
    </testcase>
    <testcase classname="Module Model Creation should fail without required fields" name="Module Model Creation should fail without required fields" time="0.705">
    </testcase>
    <testcase classname="Module Model Validation should validate name length" name="Module Model Validation should validate name length" time="0.668">
    </testcase>
    <testcase classname="Module Model Validation should validate description length" name="Module Model Validation should validate description length" time="0.629">
    </testcase>
    <testcase classname="Module Model Validation should fail with empty module name" name="Module Model Validation should fail with empty module name" time="0.625">
    </testcase>
    <testcase classname="Module Model Associations should associate with course" name="Module Model Associations should associate with course" time="0.63">
    </testcase>
    <testcase classname="Module Model Soft Deletion should soft delete module" name="Module Model Soft Deletion should soft delete module" time="0.617">
    </testcase>
    <testcase classname="Module Model Updates should update module details" name="Module Model Updates should update module details" time="0.615">
    </testcase>
    <testcase classname="Module Model Query Operations should find modules with pagination" name="Module Model Query Operations should find modules with pagination" time="0.63">
    </testcase>
  </testsuite>
  <testsuite name="Teacher Model" errors="0" failures="0" skipped="0" timestamp="2025-04-15T07:15:13" time="5.993" tests="9">
    <testcase classname="Teacher Model Creation should create a valid teacher" name="Teacher Model Creation should create a valid teacher" time="0.884">
    </testcase>
    <testcase classname="Teacher Model Creation should fail without user_id" name="Teacher Model Creation should fail without user_id" time="0.647">
    </testcase>
    <testcase classname="Teacher Model Creation should fail with non-existent user_id" name="Teacher Model Creation should fail with non-existent user_id" time="0.56">
    </testcase>
    <testcase classname="Teacher Model Associations should associate with user" name="Teacher Model Associations should associate with user" time="0.558">
    </testcase>
    <testcase classname="Teacher Model Associations should have many courses" name="Teacher Model Associations should have many courses" time="0.554">
    </testcase>
    <testcase classname="Teacher Model Deletion should soft delete teacher" name="Teacher Model Deletion should soft delete teacher" time="0.542">
    </testcase>
    <testcase classname="Teacher Model Constraints should enforce unique user_id" name="Teacher Model Constraints should enforce unique user_id" time="0.532">
    </testcase>
    <testcase classname="Teacher Model Course Management should allow multiple courses" name="Teacher Model Course Management should allow multiple courses" time="0.545">
    </testcase>
    <testcase classname="Teacher Model Query Operations should find active teachers" name="Teacher Model Query Operations should find active teachers" time="0.555">
    </testcase>
  </testsuite>
  <testsuite name="Admin Model" errors="0" failures="0" skipped="0" timestamp="2025-04-15T07:15:19" time="5.854" tests="9">
    <testcase classname="Admin Model Creation should create a valid admin" name="Admin Model Creation should create a valid admin" time="0.763">
    </testcase>
    <testcase classname="Admin Model Creation should fail without user_id" name="Admin Model Creation should fail without user_id" time="0.611">
    </testcase>
    <testcase classname="Admin Model Associations should associate with user" name="Admin Model Associations should associate with user" time="0.567">
    </testcase>
    <testcase classname="Admin Model Associations should have many enrollments" name="Admin Model Associations should have many enrollments" time="0.563">
    </testcase>
    <testcase classname="Admin Model Constraints should enforce unique user_id" name="Admin Model Constraints should enforce unique user_id" time="0.556">
    </testcase>
    <testcase classname="Admin Model Soft Delete should soft delete admin" name="Admin Model Soft Delete should soft delete admin" time="0.554">
    </testcase>
    <testcase classname="Admin Model Soft Delete should cascade delete when user is deleted" name="Admin Model Soft Delete should cascade delete when user is deleted" time="0.554">
    </testcase>
    <testcase classname="Admin Model Attributes should have all required attributes" name="Admin Model Attributes should have all required attributes" time="0.523">
    </testcase>
    <testcase classname="Admin Model Query Operations should find active admins" name="Admin Model Query Operations should find active admins" time="0.54">
    </testcase>
  </testsuite>
  <testsuite name="Assessment API Endpoints (Integration Tests)" errors="0" failures="0" skipped="0" timestamp="2025-04-15T07:15:25" time="5.339" tests="23">
    <testcase classname="Assessment API Endpoints (Integration Tests) POST /api/assessments should create a new assessment when teacher is authenticated" name="Assessment API Endpoints (Integration Tests) POST /api/assessments should create a new assessment when teacher is authenticated" time="0.055">
    </testcase>
    <testcase classname="Assessment API Endpoints (Integration Tests) POST /api/assessments should return 401 when no auth token is provided" name="Assessment API Endpoints (Integration Tests) POST /api/assessments should return 401 when no auth token is provided" time="0.05">
    </testcase>
    <testcase classname="Assessment API Endpoints (Integration Tests) POST /api/assessments should return 403 when learner tries to create assessment" name="Assessment API Endpoints (Integration Tests) POST /api/assessments should return 403 when learner tries to create assessment" time="0.071">
    </testcase>
    <testcase classname="Assessment API Endpoints (Integration Tests) GET /api/assessments/module/:moduleId should get all assessments for a module when authenticated" name="Assessment API Endpoints (Integration Tests) GET /api/assessments/module/:moduleId should get all assessments for a module when authenticated" time="0.063">
    </testcase>
    <testcase classname="Assessment API Endpoints (Integration Tests) GET /api/assessments/module/:moduleId should return 401 when no auth token is provided" name="Assessment API Endpoints (Integration Tests) GET /api/assessments/module/:moduleId should return 401 when no auth token is provided" time="0.065">
    </testcase>
    <testcase classname="Assessment API Endpoints (Integration Tests) GET /api/assessments/module/:moduleId should return 404 for non-existent module" name="Assessment API Endpoints (Integration Tests) GET /api/assessments/module/:moduleId should return 404 for non-existent module" time="0.133">
    </testcase>
    <testcase classname="Assessment API Endpoints (Integration Tests) GET /api/assessments/:assessmentId should get assessment by ID when authenticated" name="Assessment API Endpoints (Integration Tests) GET /api/assessments/:assessmentId should get assessment by ID when authenticated" time="0.04">
    </testcase>
    <testcase classname="Assessment API Endpoints (Integration Tests) GET /api/assessments/:assessmentId should include questions when includeQuestions=true" name="Assessment API Endpoints (Integration Tests) GET /api/assessments/:assessmentId should include questions when includeQuestions=true" time="0.123">
    </testcase>
    <testcase classname="Assessment API Endpoints (Integration Tests) GET /api/assessments/:assessmentId should return 404 for non-existent assessment" name="Assessment API Endpoints (Integration Tests) GET /api/assessments/:assessmentId should return 404 for non-existent assessment" time="0.048">
    </testcase>
    <testcase classname="Assessment API Endpoints (Integration Tests) POST /api/assessments/:assessmentId/questions should add a question to an assessment" name="Assessment API Endpoints (Integration Tests) POST /api/assessments/:assessmentId/questions should add a question to an assessment" time="0.053">
    </testcase>
    <testcase classname="Assessment API Endpoints (Integration Tests) POST /api/assessments/:assessmentId/questions should return 403 when learner tries to add a question" name="Assessment API Endpoints (Integration Tests) POST /api/assessments/:assessmentId/questions should return 403 when learner tries to add a question" time="0.04">
    </testcase>
    <testcase classname="Assessment API Endpoints (Integration Tests) POST /api/assessments/:assessmentId/submissions should start a submission when authenticated" name="Assessment API Endpoints (Integration Tests) POST /api/assessments/:assessmentId/submissions should start a submission when authenticated" time="0.054">
    </testcase>
    <testcase classname="Assessment API Endpoints (Integration Tests) POST /api/assessments/:assessmentId/submissions should return existing submission if one is in progress" name="Assessment API Endpoints (Integration Tests) POST /api/assessments/:assessmentId/submissions should return existing submission if one is in progress" time="0.09">
    </testcase>
    <testcase classname="Assessment API Endpoints (Integration Tests) POST /api/assessments/submissions/:submissionId/questions/:questionId/answers should save a multiple choice answer" name="Assessment API Endpoints (Integration Tests) POST /api/assessments/submissions/:submissionId/questions/:questionId/answers should save a multiple choice answer" time="0.044">
    </testcase>
    <testcase classname="Assessment API Endpoints (Integration Tests) POST /api/assessments/submissions/:submissionId/questions/:questionId/answers should save a text answer for short answer questions" name="Assessment API Endpoints (Integration Tests) POST /api/assessments/submissions/:submissionId/questions/:questionId/answers should save a text answer for short answer questions" time="0.081">
    </testcase>
    <testcase classname="Assessment API Endpoints (Integration Tests) POST /api/assessments/submissions/:submissionId/submit should submit an assessment" name="Assessment API Endpoints (Integration Tests) POST /api/assessments/submissions/:submissionId/submit should submit an assessment" time="0.055">
    </testcase>
    <testcase classname="Assessment API Endpoints (Integration Tests) POST /api/assessments/submissions/:submissionId/submit should return 403 when another user tries to submit" name="Assessment API Endpoints (Integration Tests) POST /api/assessments/submissions/:submissionId/submit should return 403 when another user tries to submit" time="0.085">
    </testcase>
    <testcase classname="Assessment API Endpoints (Integration Tests) GET /api/assessments/:assessmentId/my-submission should get user&apos;s own submission" name="Assessment API Endpoints (Integration Tests) GET /api/assessments/:assessmentId/my-submission should get user&apos;s own submission" time="0.042">
    </testcase>
    <testcase classname="Assessment API Endpoints (Integration Tests) GET /api/assessments/:assessmentId/my-submission should include answers when includeAnswers=true" name="Assessment API Endpoints (Integration Tests) GET /api/assessments/:assessmentId/my-submission should include answers when includeAnswers=true" time="0.164">
    </testcase>
    <testcase classname="Assessment API Endpoints (Integration Tests) GET /api/assessments/:assessmentId/submissions should get all submissions for an assessment when teacher" name="Assessment API Endpoints (Integration Tests) GET /api/assessments/:assessmentId/submissions should get all submissions for an assessment when teacher" time="0.035">
    </testcase>
    <testcase classname="Assessment API Endpoints (Integration Tests) GET /api/assessments/:assessmentId/submissions should return 403 when learner tries to access all submissions" name="Assessment API Endpoints (Integration Tests) GET /api/assessments/:assessmentId/submissions should return 403 when learner tries to access all submissions" time="0.044">
    </testcase>
    <testcase classname="Assessment API Endpoints (Integration Tests) POST /api/assessments/submissions/:submissionId/grade should grade a submission when teacher" name="Assessment API Endpoints (Integration Tests) POST /api/assessments/submissions/:submissionId/grade should grade a submission when teacher" time="0.04">
    </testcase>
    <testcase classname="Assessment API Endpoints (Integration Tests) POST /api/assessments/submissions/:submissionId/grade should return 403 when learner tries to grade submissions" name="Assessment API Endpoints (Integration Tests) POST /api/assessments/submissions/:submissionId/grade should return 403 when learner tries to grade submissions" time="0.039">
    </testcase>
  </testsuite>
  <testsuite name="Passwordless Authentication API" errors="0" failures="0" skipped="0" timestamp="2025-04-15T07:15:30" time="3.956" tests="12">
    <testcase classname="Passwordless Authentication API POST /api/auth/passwordless/magic-link should generate a magic link when email is valid" name="Passwordless Authentication API POST /api/auth/passwordless/magic-link should generate a magic link when email is valid" time="0.077">
    </testcase>
    <testcase classname="Passwordless Authentication API POST /api/auth/passwordless/magic-link should return 404 when email is not found" name="Passwordless Authentication API POST /api/auth/passwordless/magic-link should return 404 when email is not found" time="0.06">
    </testcase>
    <testcase classname="Passwordless Authentication API POST /api/auth/passwordless/magic-link should return 400 when email is not provided" name="Passwordless Authentication API POST /api/auth/passwordless/magic-link should return 400 when email is not provided" time="0.036">
    </testcase>
    <testcase classname="Passwordless Authentication API POST /api/auth/passwordless/numeric-code should generate a numeric code when email is valid" name="Passwordless Authentication API POST /api/auth/passwordless/numeric-code should generate a numeric code when email is valid" time="0.324">
    </testcase>
    <testcase classname="Passwordless Authentication API POST /api/auth/passwordless/numeric-code should return 404 when email is not found" name="Passwordless Authentication API POST /api/auth/passwordless/numeric-code should return 404 when email is not found" time="0.158">
    </testcase>
    <testcase classname="Passwordless Authentication API POST /api/auth/passwordless/picture-code should generate a picture code when email is valid" name="Passwordless Authentication API POST /api/auth/passwordless/picture-code should generate a picture code when email is valid" time="0.166">
    </testcase>
    <testcase classname="Passwordless Authentication API POST /api/auth/passwordless/verify should verify magic link token and return JWT tokens" name="Passwordless Authentication API POST /api/auth/passwordless/verify should verify magic link token and return JWT tokens" time="0.091">
    </testcase>
    <testcase classname="Passwordless Authentication API POST /api/auth/passwordless/verify should verify numeric code and return JWT tokens" name="Passwordless Authentication API POST /api/auth/passwordless/verify should verify numeric code and return JWT tokens" time="0.357">
    </testcase>
    <testcase classname="Passwordless Authentication API POST /api/auth/passwordless/verify should verify picture code and return JWT tokens" name="Passwordless Authentication API POST /api/auth/passwordless/verify should verify picture code and return JWT tokens" time="0.219">
    </testcase>
    <testcase classname="Passwordless Authentication API POST /api/auth/passwordless/verify should return 401 when token is invalid" name="Passwordless Authentication API POST /api/auth/passwordless/verify should return 401 when token is invalid" time="0.032">
    </testcase>
    <testcase classname="Passwordless Authentication API POST /api/auth/passwordless/verify should return 401 when token is already used" name="Passwordless Authentication API POST /api/auth/passwordless/verify should return 401 when token is already used" time="0.034">
    </testcase>
    <testcase classname="Passwordless Authentication API Complete passwordless authentication flow" name="Passwordless Authentication API Complete passwordless authentication flow" time="0.149">
    </testcase>
  </testsuite>
  <testsuite name="Token Refresh API" errors="0" failures="0" skipped="0" timestamp="2025-04-15T07:15:34" time="4.355" tests="10">
    <testcase classname="Token Refresh API should return new access token when valid refresh token is provided" name="Token Refresh API should return new access token when valid refresh token is provided" time="0.072">
    </testcase>
    <testcase classname="Token Refresh API should reject with 401 when invalid refresh token is provided" name="Token Refresh API should reject with 401 when invalid refresh token is provided" time="0.036">
    </testcase>
    <testcase classname="Token Refresh API should reject with 400 when refresh token is not provided" name="Token Refresh API should reject with 400 when refresh token is not provided" time="0.046">
    </testcase>
    <testcase classname="Token Refresh API should reject with 401 when user has no stored refresh token" name="Token Refresh API should reject with 401 when user has no stored refresh token" time="0.038">
    </testcase>
    <testcase classname="Role-Based Access Control Admin-only routes should be accessible only by admins" name="Role-Based Access Control Admin-only routes should be accessible only by admins" time="0.169">
    </testcase>
    <testcase classname="Role-Based Access Control Teacher and admin routes should be accessible by appropriate roles" name="Role-Based Access Control Teacher and admin routes should be accessible by appropriate roles" time="0.37">
    </testcase>
    <testcase classname="Role-Based Access Control Protected routes should reject unauthenticated requests" name="Role-Based Access Control Protected routes should reject unauthenticated requests" time="0.052">
    </testcase>
    <testcase classname="Role-Based Access Control Should reject requests with invalid tokens" name="Role-Based Access Control Should reject requests with invalid tokens" time="0.058">
    </testcase>
    <testcase classname="Role-Based Access Control Token validation should return user info for valid token" name="Role-Based Access Control Token validation should return user info for valid token" time="0.042">
    </testcase>
    <testcase classname="Role-Based Access Control Should invalidate token on logout" name="Role-Based Access Control Should invalidate token on logout" time="0.095">
    </testcase>
  </testsuite>
  <testsuite name="User Journey End-to-End Tests" errors="0" failures="0" skipped="0" timestamp="2025-04-15T07:15:39" time="3.228" tests="1">
    <testcase classname="User Journey End-to-End Tests Complete enrollment to approval flow" name="User Journey End-to-End Tests Complete enrollment to approval flow" time="0.797">
    </testcase>
  </testsuite>
  <testsuite name="Enrollment API (Integration Tests)" errors="0" failures="0" skipped="0" timestamp="2025-04-15T07:15:42" time="2.839" tests="3">
    <testcase classname="Enrollment API (Integration Tests) POST /api/enrollments should create a new enrollment" name="Enrollment API (Integration Tests) POST /api/enrollments should create a new enrollment" time="0.367">
    </testcase>
    <testcase classname="Enrollment API (Integration Tests) POST /api/enrollments should reject enrollment with invalid data" name="Enrollment API (Integration Tests) POST /api/enrollments should reject enrollment with invalid data" time="0.034">
    </testcase>
    <testcase classname="Enrollment API (Integration Tests) POST /api/enrollments/check-status should check enrollment status" name="Enrollment API (Integration Tests) POST /api/enrollments/check-status should check enrollment status" time="0.357">
    </testcase>
  </testsuite>
  <testsuite name="Token Cleanup" errors="0" failures="0" skipped="0" timestamp="2025-04-15T07:15:45" time="2.967" tests="4">
    <testcase classname="Token Cleanup cleanupExpiredTokens should remove only expired tokens" name="Token Cleanup cleanupExpiredTokens should remove only expired tokens" time="0.733">
    </testcase>
    <testcase classname="Token Cleanup cleanupExpiredTokens should log and throw an error when database operation fails" name="Token Cleanup cleanupExpiredTokens should log and throw an error when database operation fails" time="0.567">
    </testcase>
    <testcase classname="Token Cleanup scheduleTokenCleanup should schedule token cleanup immediately and periodically" name="Token Cleanup scheduleTokenCleanup should schedule token cleanup immediately and periodically" time="0.525">
    </testcase>
    <testcase classname="Token Cleanup scheduleTokenCleanup should return a valid interval id" name="Token Cleanup scheduleTokenCleanup should return a valid interval id" time="0.565">
    </testcase>
  </testsuite>
  <testsuite name="Course Endpoints (Integration Tests)" errors="0" failures="0" skipped="0" timestamp="2025-04-15T07:15:48" time="2.723" tests="4">
    <testcase classname="Course Endpoints (Integration Tests) POST /courses should create a new course" name="Course Endpoints (Integration Tests) POST /courses should create a new course" time="0.057">
    </testcase>
    <testcase classname="Course Endpoints (Integration Tests) POST /courses error handling should handle empty course name" name="Course Endpoints (Integration Tests) POST /courses error handling should handle empty course name" time="0.039">
    </testcase>
    <testcase classname="Course Endpoints (Integration Tests) POST /courses error handling should handle course name too long" name="Course Endpoints (Integration Tests) POST /courses error handling should handle course name too long" time="0.036">
    </testcase>
    <testcase classname="Course Endpoints (Integration Tests) GET /courses should retrieve all courses" name="Course Endpoints (Integration Tests) GET /courses should retrieve all courses" time="0.067">
    </testcase>
  </testsuite>
  <testsuite name="Users API Integration Tests" errors="0" failures="0" skipped="0" timestamp="2025-04-15T07:15:51" time="2.896" tests="3">
    <testcase classname="Users API Integration Tests GET /users should retrieve all users" name="Users API Integration Tests GET /users should retrieve all users" time="0.072">
    </testcase>
    <testcase classname="Users API Integration Tests GET /users/:id should retrieve a specific user when authorized" name="Users API Integration Tests GET /users/:id should retrieve a specific user when authorized" time="0.077">
    </testcase>
    <testcase classname="Users API Integration Tests GET /users/:id should return 401 Unauthorized when token is missing" name="Users API Integration Tests GET /users/:id should return 401 Unauthorized when token is missing" time="0.045">
    </testcase>
  </testsuite>
  <testsuite name="Password Reset Flow" errors="0" failures="0" skipped="0" timestamp="2025-04-15T07:15:54" time="2.384" tests="1">
    <testcase classname="Password Reset Flow Complete password reset flow" name="Password Reset Flow Complete password reset flow" time="0.289">
    </testcase>
  </testsuite>
  <testsuite name="User Model" errors="0" failures="0" skipped="0" timestamp="2025-04-15T07:15:56" time="6.754" tests="29">
    <testcase classname="User Model Valid Users should create a user with valid data" name="User Model Valid Users should create a user with valid data" time="0.086">
    </testcase>
    <testcase classname="User Model Valid Users should create user with valid birthdate in past" name="User Model Valid Users should create user with valid birthdate in past" time="0.08">
    </testcase>
    <testcase classname="User Model Invalid Users should not create user with invalid data - case 1" name="User Model Invalid Users should not create user with invalid data - case 1" time="0.002">
    </testcase>
    <testcase classname="User Model Invalid Users should not create user with invalid data - case 2" name="User Model Invalid Users should not create user with invalid data - case 2" time="0.002">
    </testcase>
    <testcase classname="User Model Invalid Users should not create user with invalid data - case 3" name="User Model Invalid Users should not create user with invalid data - case 3" time="0.002">
    </testcase>
    <testcase classname="User Model Invalid Users should not create user with invalid data - case 4" name="User Model Invalid Users should not create user with invalid data - case 4" time="0.002">
    </testcase>
    <testcase classname="User Model Invalid Users should not create user with future birthdate" name="User Model Invalid Users should not create user with future birthdate" time="0.05">
    </testcase>
    <testcase classname="User Model Invalid Users should not create user with today as birthdate" name="User Model Invalid Users should not create user with today as birthdate" time="0.008">
    </testcase>
    <testcase classname="User Model Associations should belong to a school" name="User Model Associations should belong to a school" time="0.016">
    </testcase>
    <testcase classname="User Model Associations should have one StudentTeacher" name="User Model Associations should have one StudentTeacher" time="0.016">
    </testcase>
    <testcase classname="User Model Associations should have one Teacher" name="User Model Associations should have one Teacher" time="0.011">
    </testcase>
    <testcase classname="User Model Associations should have one Admin" name="User Model Associations should have one Admin" time="0.013">
    </testcase>
    <testcase classname="User Model Associations should have one Learner" name="User Model Associations should have one Learner" time="0.177">
    </testcase>
    <testcase classname="User Model Associations should cascade soft delete to associated roles" name="User Model Associations should cascade soft delete to associated roles" time="0.014">
    </testcase>
    <testcase classname="User Model Password Management should rehash password on update" name="User Model Password Management should rehash password on update" time="0.015">
    </testcase>
    <testcase classname="User Model Password Management should have comparePassword instance method" name="User Model Password Management should have comparePassword instance method" time="0.007">
    </testcase>
    <testcase classname="User Model Data Validation should enforce contact number format" name="User Model Data Validation should enforce contact number format" time="0.024">
    </testcase>
    <testcase classname="User Model Data Validation should enforce unique email" name="User Model Data Validation should enforce unique email" time="0.041">
    </testcase>
    <testcase classname="User Model Data Validation should validate email format" name="User Model Data Validation should validate email format" time="0.011">
    </testcase>
    <testcase classname="User Model Data Validation should require school_id" name="User Model Data Validation should require school_id" time="0.011">
    </testcase>
    <testcase classname="User Model Role Management should enforce valid role types" name="User Model Role Management should enforce valid role types" time="0.013">
    </testcase>
    <testcase classname="User Model Soft Delete should soft delete user" name="User Model Soft Delete should soft delete user" time="0.013">
    </testcase>
    <testcase classname="User Model Soft Delete should restore soft deleted user" name="User Model Soft Delete should restore soft deleted user" time="0.016">
    </testcase>
    <testcase classname="User Model Update Operations should update user details" name="User Model Update Operations should update user details" time="0.011">
    </testcase>
    <testcase classname="User Model Query Operations should find user by email" name="User Model Query Operations should find user by email" time="0.008">
    </testcase>
    <testcase classname="User Model Query Operations should not return soft deleted users in normal queries" name="User Model Query Operations should not return soft deleted users in normal queries" time="0.009">
    </testcase>
    <testcase classname="User Model Attributes should have all required attributes" name="User Model Attributes should have all required attributes" time="0.008">
    </testcase>
    <testcase classname="User Model Data Sanitization should trim whitespace from string fields" name="User Model Data Sanitization should trim whitespace from string fields" time="0.013">
    </testcase>
    <testcase classname="User Model Error Handling should handle concurrent updates correctly" name="User Model Error Handling should handle concurrent updates correctly" time="0.014">
    </testcase>
  </testsuite>
  <testsuite name="Server Configuration and Middleware" errors="0" failures="0" skipped="0" timestamp="2025-04-15T07:16:03" time="1.991" tests="52">
    <testcase classname="Server Configuration and Middleware CORS options should allow configured origin" name="Server Configuration and Middleware CORS options should allow configured origin" time="0.006">
    </testcase>
    <testcase classname="Server Configuration and Middleware CORS options should disallow unconfigured origin" name="Server Configuration and Middleware CORS options should disallow unconfigured origin" time="0.009">
    </testcase>
    <testcase classname="Server Configuration and Middleware CORS options should allow requests with no origin (e.g., same-origin)" name="Server Configuration and Middleware CORS options should allow requests with no origin (e.g., same-origin)" time="0.001">
    </testcase>
    <testcase classname="Server Configuration and Middleware Rate limit handler should return 429" name="Server Configuration and Middleware Rate limit handler should return 429" time="0.002">
    </testcase>
    <testcase classname="Server Configuration and Middleware General rate limiter should apply to non-auth API routes" name="Server Configuration and Middleware General rate limiter should apply to non-auth API routes" time="0.003">
    </testcase>
    <testcase classname="Server Configuration and Middleware General rate limiter should NOT apply to specific auth API routes" name="Server Configuration and Middleware General rate limiter should NOT apply to specific auth API routes" time="0.002">
    </testcase>
    <testcase classname="Server Routes GET / should return API is running message" name="Server Routes GET / should return API is running message" time="0.082">
    </testcase>
    <testcase classname="Server Routes Unknown route should return 404" name="Server Routes Unknown route should return 404" time="0.016">
    </testcase>
    <testcase classname="Server Routes /api/health should return UP when database is connected" name="Server Routes /api/health should return UP when database is connected" time="0.015">
    </testcase>
    <testcase classname="Server Routes /api/health should return DOWN when database connection fails" name="Server Routes /api/health should return DOWN when database connection fails" time="0.021">
    </testcase>
    <testcase classname="Server Routes GET /api/swagger.json should return the API documentation spec" name="Server Routes GET /api/swagger.json should return the API documentation spec" time="0.025">
    </testcase>
    <testcase classname="Cache Middleware Application should attempt to get from cache for /api/courses" name="Cache Middleware Application should attempt to get from cache for /api/courses" time="0.002">
    </testcase>
    <testcase classname="Cache Middleware Application should serve from cache if cache hit for /api/courses" name="Cache Middleware Application should serve from cache if cache hit for /api/courses" time="0.002">
    </testcase>
    <testcase classname="App Initialization (initializeApp) should attempt database connection" name="App Initialization (initializeApp) should attempt database connection" time="0.003">
    </testcase>
    <testcase classname="App Initialization (initializeApp) should initialize database if not in test environment" name="App Initialization (initializeApp) should initialize database if not in test environment" time="0.008">
    </testcase>
    <testcase classname="App Initialization (initializeApp) should NOT initialize database if in test environment" name="App Initialization (initializeApp) should NOT initialize database if in test environment" time="0.003">
    </testcase>
    <testcase classname="App Initialization (initializeApp) should start HTTP server by default in test env" name="App Initialization (initializeApp) should start HTTP server by default in test env" time="0.002">
    </testcase>
    <testcase classname="App Initialization (initializeApp) should attempt HTTPS server in production when SSL is enabled" name="App Initialization (initializeApp) should attempt HTTPS server in production when SSL is enabled" time="0.003">
    </testcase>
    <testcase classname="App Initialization (initializeApp) should fallback to HTTP when SSL files cannot be read in production" name="App Initialization (initializeApp) should fallback to HTTP when SSL files cannot be read in production" time="0.005">
    </testcase>
    <testcase classname="App Initialization (initializeApp) should log correct HTTP startup message in development" name="App Initialization (initializeApp) should log correct HTTP startup message in development" time="0.002">
    </testcase>
    <testcase classname="App Initialization (initializeApp) should log correct HTTPS startup message in production" name="App Initialization (initializeApp) should log correct HTTPS startup message in production" time="0.002">
    </testcase>
    <testcase classname="App Initialization (initializeApp) should log fallback HTTP startup message in production if SSL fails" name="App Initialization (initializeApp) should log fallback HTTP startup message in production if SSL fails" time="0.002">
    </testcase>
    <testcase classname="App Initialization (initializeApp) should NOT log startup message in test environment" name="App Initialization (initializeApp) should NOT log startup message in test environment" time="0.002">
    </testcase>
    <testcase classname="Graceful Shutdown signal handlers should be registered during app initialization" name="Graceful Shutdown signal handlers should be registered during app initialization" time="0.008">
    </testcase>
    <testcase classname="Graceful Shutdown SIGTERM handler should close server and database connections" name="Graceful Shutdown SIGTERM handler should close server and database connections" time="0.119">
    </testcase>
    <testcase classname="Graceful Shutdown SIGINT handler should trigger SIGTERM logic" name="Graceful Shutdown SIGINT handler should trigger SIGTERM logic" time="0.109">
    </testcase>
    <testcase classname="Graceful Shutdown shutdown handler should handle database close errors" name="Graceful Shutdown shutdown handler should handle database close errors" time="0.108">
    </testcase>
    <testcase classname="Debug Endpoints should return request counts in development mode" name="Debug Endpoints should return request counts in development mode" time="0.001">
    </testcase>
    <testcase classname="Debug Endpoints should return 404 for debug endpoint in production" name="Debug Endpoints should return 404 for debug endpoint in production" time="0.002">
    </testcase>
    <testcase classname="Debug Endpoints should have test error endpoint in non-production environments" name="Debug Endpoints should have test error endpoint in non-production environments" time="0.002">
    </testcase>
    <testcase classname="Debug Endpoints should return 404 for test error endpoint in production" name="Debug Endpoints should return 404 for test error endpoint in production" time="0.002">
    </testcase>
    <testcase classname="Rate Limiting Application should apply general and auth rate limiters in development" name="Rate Limiting Application should apply general and auth rate limiters in development" time="0.002">
    </testcase>
    <testcase classname="Rate Limiting Application should NOT apply rate limiters in test environment" name="Rate Limiting Application should NOT apply rate limiters in test environment" time="0.002">
    </testcase>
    <testcase classname="Token Cleanup Scheduling should schedule token cleanup in non-test environments" name="Token Cleanup Scheduling should schedule token cleanup in non-test environments" time="0.003">
    </testcase>
    <testcase classname="Token Cleanup Scheduling should NOT schedule token cleanup in test environment" name="Token Cleanup Scheduling should NOT schedule token cleanup in test environment" time="0.002">
    </testcase>
    <testcase classname="Token Cleanup Scheduling should handle default cleanup interval if not specified" name="Token Cleanup Scheduling should handle default cleanup interval if not specified" time="0.003">
    </testcase>
    <testcase classname="startServer Function should call initializeApp if not in test mode" name="startServer Function should call initializeApp if not in test mode" time="0.004">
    </testcase>
    <testcase classname="startServer Function should NOT call initializeApp if in test mode" name="startServer Function should NOT call initializeApp if in test mode" time="0.002">
    </testcase>
    <testcase classname="startServer Function should handle errors during initialization" name="startServer Function should handle errors during initialization" time="0.003">
    </testcase>
    <testcase classname="Pagination Middleware should apply pagination middleware with config values" name="Pagination Middleware should apply pagination middleware with config values" time="0.002">
    </testcase>
    <testcase classname="Pagination Middleware should use default pagination values when config is missing" name="Pagination Middleware should use default pagination values when config is missing" time="0.001">
    </testcase>
    <testcase classname="Cache Middleware Extended should handle undefined cache durations gracefully" name="Cache Middleware Extended should handle undefined cache durations gracefully" time="0.002">
    </testcase>
    <testcase classname="Cache Middleware Extended should handle cache key construction with various request objects" name="Cache Middleware Extended should handle cache key construction with various request objects" time="0.008">
    </testcase>
    <testcase classname="Rate Limiting Details should skip auth limiter for non-auth paths" name="Rate Limiting Details should skip auth limiter for non-auth paths" time="0.001">
    </testcase>
    <testcase classname="Rate Limiting Details should use auth limiter for auth login path" name="Rate Limiting Details should use auth limiter for auth login path" time="0.002">
    </testcase>
    <testcase classname="Rate Limiting Details should use auth limiter for user registration path" name="Rate Limiting Details should use auth limiter for user registration path" time="0.002">
    </testcase>
    <testcase classname="Error Middleware Application should pass errors to errorMiddleware" name="Error Middleware Application should pass errors to errorMiddleware" time="0.002">
    </testcase>
    <testcase classname="Error Middleware Application should handle SpecificError with status code" name="Error Middleware Application should handle SpecificError with status code" time="0.002">
    </testcase>
    <testcase classname="TokenCleanup scheduling details should schedule token cleanup with correct interval" name="TokenCleanup scheduling details should schedule token cleanup with correct interval" time="0.006">
    </testcase>
    <testcase classname="TokenCleanup scheduling details should handle default cleanup interval if not specified" name="TokenCleanup scheduling details should handle default cleanup interval if not specified" time="0.003">
    </testcase>
    <testcase classname="HTTPS Server Configuration should add additional SSL options when available in config" name="HTTPS Server Configuration should add additional SSL options when available in config" time="0.003">
    </testcase>
    <testcase classname="HTTPS Server Configuration should handle partial SSL configuration gracefully" name="HTTPS Server Configuration should handle partial SSL configuration gracefully" time="0.007">
    </testcase>
  </testsuite>
  <testsuite name="Blacklist Model" errors="0" failures="0" skipped="0" timestamp="2025-04-15T07:16:05" time="1.972" tests="2">
    <testcase classname="Blacklist Model Creation should create a valid blacklist" name="Blacklist Model Creation should create a valid blacklist" time="0.859">
    </testcase>
    <testcase classname="Blacklist Model Creation should fail without required fields" name="Blacklist Model Creation should fail without required fields" time="0.561">
    </testcase>
  </testsuite>
  <testsuite name="PasswordlessAuthService" errors="0" failures="0" skipped="0" timestamp="2025-04-15T07:16:07" time="1.579" tests="22">
    <testcase classname="PasswordlessAuthService generateMagicLink should generate a magic link and store a token" name="PasswordlessAuthService generateMagicLink should generate a magic link and store a token" time="0.023">
    </testcase>
    <testcase classname="PasswordlessAuthService generateMagicLink should call sendEmail in non-test environment" name="PasswordlessAuthService generateMagicLink should call sendEmail in non-test environment" time="0.007">
    </testcase>
    <testcase classname="PasswordlessAuthService generateMagicLink should throw error if user not found" name="PasswordlessAuthService generateMagicLink should throw error if user not found" time="0.027">
    </testcase>
    <testcase classname="PasswordlessAuthService generateNumericCode should generate a numeric code for student login" name="PasswordlessAuthService generateNumericCode should generate a numeric code for student login" time="0.016">
    </testcase>
    <testcase classname="PasswordlessAuthService generateNumericCode should throw error if student not found" name="PasswordlessAuthService generateNumericCode should throw error if student not found" time="0.004">
    </testcase>
    <testcase classname="PasswordlessAuthService generateNumericCode should throw error if teacher has no authority over student" name="PasswordlessAuthService generateNumericCode should throw error if teacher has no authority over student" time="0.006">
    </testcase>
    <testcase classname="PasswordlessAuthService generatePictureCode should generate a picture code for young students" name="PasswordlessAuthService generatePictureCode should generate a picture code for young students" time="0.01">
    </testcase>
    <testcase classname="PasswordlessAuthService generatePictureCode should throw error if email is not provided" name="PasswordlessAuthService generatePictureCode should throw error if email is not provided" time="0.006">
    </testcase>
    <testcase classname="PasswordlessAuthService generatePictureCode should throw error if student not found" name="PasswordlessAuthService generatePictureCode should throw error if student not found" time="0.005">
    </testcase>
    <testcase classname="PasswordlessAuthService generatePictureCode should throw error if teacher has no authority" name="PasswordlessAuthService generatePictureCode should throw error if teacher has no authority" time="0.008">
    </testcase>
    <testcase classname="PasswordlessAuthService verifyToken should verify token and return JWT tokens" name="PasswordlessAuthService verifyToken should verify token and return JWT tokens" time="0.028">
    </testcase>
    <testcase classname="PasswordlessAuthService verifyToken should handle rate limiting with IP address" name="PasswordlessAuthService verifyToken should handle rate limiting with IP address" time="0.006">
    </testcase>
    <testcase classname="PasswordlessAuthService verifyToken should handle token-specific rate limiting for picture codes" name="PasswordlessAuthService verifyToken should handle token-specific rate limiting for picture codes" time="0.009">
    </testcase>
    <testcase classname="PasswordlessAuthService verifyToken should track failed attempts for IP addresses" name="PasswordlessAuthService verifyToken should track failed attempts for IP addresses" time="0.005">
    </testcase>
    <testcase classname="PasswordlessAuthService verifyToken should throw error if token is invalid" name="PasswordlessAuthService verifyToken should throw error if token is invalid" time="0.007">
    </testcase>
    <testcase classname="PasswordlessAuthService verifyToken should throw error if token is expired" name="PasswordlessAuthService verifyToken should throw error if token is expired" time="0.007">
    </testcase>
    <testcase classname="PasswordlessAuthService verifyToken should throw error if token is already used" name="PasswordlessAuthService verifyToken should throw error if token is already used" time="0.009">
    </testcase>
    <testcase classname="PasswordlessAuthService _sendMagicLinkEmail should call sendEmail with correct parameters" name="PasswordlessAuthService _sendMagicLinkEmail should call sendEmail with correct parameters" time="0.002">
    </testcase>
    <testcase classname="PasswordlessAuthService _verifyTeacherAuthority should return true in test environment" name="PasswordlessAuthService _verifyTeacherAuthority should return true in test environment" time="0.001">
    </testcase>
    <testcase classname="PasswordlessAuthService _verifyTeacherAuthority should return false if user is not found" name="PasswordlessAuthService _verifyTeacherAuthority should return false if user is not found" time="0.001">
    </testcase>
    <testcase classname="PasswordlessAuthService _verifyTeacherAuthority should return false if user is not a teacher or student_teacher" name="PasswordlessAuthService _verifyTeacherAuthority should return false if user is not a teacher or student_teacher" time="0.003">
    </testcase>
    <testcase classname="PasswordlessAuthService _verifyTeacherAuthority should handle error case gracefully" name="PasswordlessAuthService _verifyTeacherAuthority should handle error case gracefully" time="0.012">
    </testcase>
  </testsuite>
  <testsuite name="Question Model" errors="0" failures="0" skipped="0" timestamp="2025-04-15T07:16:09" time="1.371" tests="3">
    <testcase classname="Question Model should create a valid question" name="Question Model should create a valid question" time="0.01">
    </testcase>
    <testcase classname="Question Model should not create question without required fields" name="Question Model should not create question without required fields" time="0.052">
    </testcase>
    <testcase classname="Question Model should validate question type" name="Question Model should validate question type" time="0.024">
    </testcase>
  </testsuite>
  <testsuite name="Assessment Model" errors="0" failures="0" skipped="0" timestamp="2025-04-15T07:16:10" time="1.498" tests="3">
    <testcase classname="Assessment Model should create a valid assessment" name="Assessment Model should create a valid assessment" time="0.033">
    </testcase>
    <testcase classname="Assessment Model should not create assessment without required fields" name="Assessment Model should not create assessment without required fields" time="0.05">
    </testcase>
    <testcase classname="Assessment Model should validate assessment type" name="Assessment Model should validate assessment type" time="0.012">
    </testcase>
  </testsuite>
  <testsuite name="Assessment Service" errors="0" failures="0" skipped="0" timestamp="2025-04-15T07:16:11" time="0.87" tests="68">
    <testcase classname="Assessment Service createAssessment should create an assessment successfully" name="Assessment Service createAssessment should create an assessment successfully" time="0.013">
    </testcase>
    <testcase classname="Assessment Service createAssessment should throw error if module does not exist" name="Assessment Service createAssessment should throw error if module does not exist" time="0.062">
    </testcase>
    <testcase classname="Assessment Service createAssessment should throw an error if allowed_attempts is 0 or negative" name="Assessment Service createAssessment should throw an error if allowed_attempts is 0 or negative" time="0.013">
    </testcase>
    <testcase classname="Assessment Service createAssessment should throw error when passing score exceeds max score" name="Assessment Service createAssessment should throw error when passing score exceeds max score" time="0.004">
    </testcase>
    <testcase classname="Assessment Service addQuestion should add a multiple choice question successfully" name="Assessment Service addQuestion should add a multiple choice question successfully" time="0.002">
    </testcase>
    <testcase classname="Assessment Service addQuestion should add a short answer question successfully" name="Assessment Service addQuestion should add a short answer question successfully" time="0.002">
    </testcase>
    <testcase classname="Assessment Service addQuestion should throw error if assessment does not exist" name="Assessment Service addQuestion should throw error if assessment does not exist" time="0.006">
    </testcase>
    <testcase classname="Assessment Service getAssessmentsForModule should get assessments without questions" name="Assessment Service getAssessmentsForModule should get assessments without questions" time="0.003">
    </testcase>
    <testcase classname="Assessment Service getAssessmentsForModule should get assessments with questions" name="Assessment Service getAssessmentsForModule should get assessments with questions" time="0.002">
    </testcase>
    <testcase classname="Assessment Service getAssessmentById should get assessment without questions" name="Assessment Service getAssessmentById should get assessment without questions" time="0.001">
    </testcase>
    <testcase classname="Assessment Service getAssessmentById should get assessment with questions in teacher view" name="Assessment Service getAssessmentById should get assessment with questions in teacher view" time="0.003">
    </testcase>
    <testcase classname="Assessment Service getAssessmentById should get assessment with questions in student view" name="Assessment Service getAssessmentById should get assessment with questions in student view" time="0.004">
    </testcase>
    <testcase classname="Assessment Service getAssessmentById should throw error if assessment not found" name="Assessment Service getAssessmentById should throw error if assessment not found" time="0.004">
    </testcase>
    <testcase classname="Assessment Service startSubmission should return existing submission if one exists" name="Assessment Service startSubmission should return existing submission if one exists" time="0.002">
    </testcase>
    <testcase classname="Assessment Service startSubmission should throw error if assessment does not exist" name="Assessment Service startSubmission should throw error if assessment does not exist" time="0.012">
    </testcase>
    <testcase classname="Assessment Service startSubmission should throw error when user exceeds allowed attempts" name="Assessment Service startSubmission should throw error when user exceeds allowed attempts" time="0.003">
    </testcase>
    <testcase classname="Assessment Service startSubmission should throw error when previous module not completed" name="Assessment Service startSubmission should throw error when previous module not completed" time="0.005">
    </testcase>
    <testcase classname="Assessment Service saveAnswer should save a new multiple choice answer" name="Assessment Service saveAnswer should save a new multiple choice answer" time="0.002">
    </testcase>
    <testcase classname="Assessment Service saveAnswer should update an existing answer" name="Assessment Service saveAnswer should update an existing answer" time="0.002">
    </testcase>
    <testcase classname="Assessment Service saveAnswer should throw error if submission is not in progress" name="Assessment Service saveAnswer should throw error if submission is not in progress" time="0.003">
    </testcase>
    <testcase classname="Assessment Service saveAnswer should validate answer type based on question type" name="Assessment Service saveAnswer should validate answer type based on question type" time="0.004">
    </testcase>
    <testcase classname="Assessment Service saveAnswer should throw error if submission not found" name="Assessment Service saveAnswer should throw error if submission not found" time="0.007">
    </testcase>
    <testcase classname="Assessment Service submitAssessment should submit an assessment and auto-grade multiple choice questions" name="Assessment Service submitAssessment should submit an assessment and auto-grade multiple choice questions" time="0.002">
    </testcase>
    <testcase classname="Assessment Service submitAssessment should submit an assessment without auto-grading" name="Assessment Service submitAssessment should submit an assessment without auto-grading" time="0.003">
    </testcase>
    <testcase classname="Assessment Service submitAssessment should detect late submissions" name="Assessment Service submitAssessment should detect late submissions" time="0.004">
    </testcase>
    <testcase classname="Assessment Service submitAssessment should throw error for unauthorized user" name="Assessment Service submitAssessment should throw error for unauthorized user" time="0.005">
    </testcase>
    <testcase classname="Assessment Service submitAssessment should throw error if already submitted" name="Assessment Service submitAssessment should throw error if already submitted" time="0.005">
    </testcase>
[...]
    </testcase>
    <testcase classname="Assessment Schemas updateQuestion Schema should invalidate if empty object is provided (min(1))" name="Assessment Schemas updateQuestion Schema should invalidate if empty object is provided (min(1))" time="0.002">
    </testcase>
    <testcase classname="Assessment Schemas updateQuestion Schema should validate correct params" name="Assessment Schemas updateQuestion Schema should validate correct params" time="0.001">
    </testcase>
    <testcase classname="Assessment Schemas updateQuestion Schema should invalidate missing questionId param" name="Assessment Schemas updateQuestion Schema should invalidate missing questionId param" time="0.001">
    </testcase>
    <testcase classname="Assessment Schemas saveAnswer Schema should validate with optionId only" name="Assessment Schemas saveAnswer Schema should validate with optionId only" time="0.002">
    </testcase>
    <testcase classname="Assessment Schemas saveAnswer Schema should validate with textResponse only" name="Assessment Schemas saveAnswer Schema should validate with textResponse only" time="0.001">
    </testcase>
    <testcase classname="Assessment Schemas saveAnswer Schema should invalidate if both optionId and textResponse are provided (xor)" name="Assessment Schemas saveAnswer Schema should invalidate if both optionId and textResponse are provided (xor)" time="0.002">
    </testcase>
    <testcase classname="Assessment Schemas saveAnswer Schema should invalidate if neither optionId nor textResponse are provided (xor)" name="Assessment Schemas saveAnswer Schema should invalidate if neither optionId nor textResponse are provided (xor)" time="0.003">
    </testcase>
    <testcase classname="Assessment Schemas saveAnswer Schema should validate correct params" name="Assessment Schemas saveAnswer Schema should validate correct params" time="0.001">
    </testcase>
    <testcase classname="Assessment Schemas gradeSubmission Schema should validate correct grade data" name="Assessment Schemas gradeSubmission Schema should validate correct grade data" time="0.001">
    </testcase>
    <testcase classname="Assessment Schemas gradeSubmission Schema should invalidate missing grade object" name="Assessment Schemas gradeSubmission Schema should invalidate missing grade object" time="0.001">
    </testcase>
    <testcase classname="Assessment Schemas gradeSubmission Schema should invalidate missing grade.questionId" name="Assessment Schemas gradeSubmission Schema should invalidate missing grade.questionId" time="0.001">
    </testcase>
    <testcase classname="Assessment Schemas gradeSubmission Schema should invalidate missing grade.points" name="Assessment Schemas gradeSubmission Schema should invalidate missing grade.points" time="0.002">
    </testcase>
    <testcase classname="Assessment Schemas gradeSubmission Schema should validate with null feedback" name="Assessment Schemas gradeSubmission Schema should validate with null feedback" time="0.001">
    </testcase>
    <testcase classname="Assessment Schemas gradeSubmission Schema should validate correct params" name="Assessment Schemas gradeSubmission Schema should validate correct params" time="0.001">
    </testcase>
    <testcase classname="Assessment Schemas Parameter-only Schemas deleteAssessment Schema should validate correct assessmentId" name="Assessment Schemas Parameter-only Schemas deleteAssessment Schema should validate correct assessmentId" time="0.001">
    </testcase>
    <testcase classname="Assessment Schemas Parameter-only Schemas deleteAssessment Schema should invalidate incorrect assessmentId type" name="Assessment Schemas Parameter-only Schemas deleteAssessment Schema should invalidate incorrect assessmentId type" time="0.002">
    </testcase>
    <testcase classname="Assessment Schemas Parameter-only Schemas deleteAssessment Schema should invalidate missing assessmentId" name="Assessment Schemas Parameter-only Schemas deleteAssessment Schema should invalidate missing assessmentId" time="0.001">
    </testcase>
    <testcase classname="Assessment Schemas Parameter-only Schemas deleteQuestion Schema should validate correct questionId" name="Assessment Schemas Parameter-only Schemas deleteQuestion Schema should validate correct questionId" time="0.006">
    </testcase>
    <testcase classname="Assessment Schemas Parameter-only Schemas deleteQuestion Schema should invalidate incorrect questionId type" name="Assessment Schemas Parameter-only Schemas deleteQuestion Schema should invalidate incorrect questionId type" time="0.001">
    </testcase>
    <testcase classname="Assessment Schemas Parameter-only Schemas deleteQuestion Schema should invalidate missing questionId" name="Assessment Schemas Parameter-only Schemas deleteQuestion Schema should invalidate missing questionId" time="0.001">
    </testcase>
    <testcase classname="Assessment Schemas Parameter-only Schemas startSubmission Schema should validate correct assessmentId" name="Assessment Schemas Parameter-only Schemas startSubmission Schema should validate correct assessmentId" time="0.001">
    </testcase>
    <testcase classname="Assessment Schemas Parameter-only Schemas startSubmission Schema should invalidate incorrect assessmentId type" name="Assessment Schemas Parameter-only Schemas startSubmission Schema should invalidate incorrect assessmentId type" time="0.001">
    </testcase>
    <testcase classname="Assessment Schemas Parameter-only Schemas startSubmission Schema should invalidate missing assessmentId" name="Assessment Schemas Parameter-only Schemas startSubmission Schema should invalidate missing assessmentId" time="0.003">
    </testcase>
    <testcase classname="Assessment Schemas Parameter-only Schemas submitAssessment Schema should validate correct submissionId" name="Assessment Schemas Parameter-only Schemas submitAssessment Schema should validate correct submissionId" time="0.001">
    </testcase>
    <testcase classname="Assessment Schemas Parameter-only Schemas submitAssessment Schema should invalidate incorrect submissionId type" name="Assessment Schemas Parameter-only Schemas submitAssessment Schema should invalidate incorrect submissionId type" time="0.001">
    </testcase>
    <testcase classname="Assessment Schemas Parameter-only Schemas submitAssessment Schema should invalidate missing submissionId" name="Assessment Schemas Parameter-only Schemas submitAssessment Schema should invalidate missing submissionId" time="0.001">
    </testcase>
    <testcase classname="Assessment Schemas Parameter-only Schemas publishAssessment Schema should validate correct assessmentId" name="Assessment Schemas Parameter-only Schemas publishAssessment Schema should validate correct assessmentId" time="0.001">
    </testcase>
    <testcase classname="Assessment Schemas Parameter-only Schemas publishAssessment Schema should invalidate incorrect assessmentId type" name="Assessment Schemas Parameter-only Schemas publishAssessment Schema should invalidate incorrect assessmentId type" time="0.002">
    </testcase>
    <testcase classname="Assessment Schemas Parameter-only Schemas publishAssessment Schema should invalidate missing assessmentId" name="Assessment Schemas Parameter-only Schemas publishAssessment Schema should invalidate missing assessmentId" time="0.001">
    </testcase>
    <testcase classname="Assessment Schemas Parameter-only Schemas unpublishAssessment Schema should validate correct assessmentId" name="Assessment Schemas Parameter-only Schemas unpublishAssessment Schema should validate correct assessmentId" time="0">
    </testcase>
    <testcase classname="Assessment Schemas Parameter-only Schemas unpublishAssessment Schema should invalidate incorrect assessmentId type" name="Assessment Schemas Parameter-only Schemas unpublishAssessment Schema should invalidate incorrect assessmentId type" time="0.001">
    </testcase>
    <testcase classname="Assessment Schemas Parameter-only Schemas unpublishAssessment Schema should invalidate missing assessmentId" name="Assessment Schemas Parameter-only Schemas unpublishAssessment Schema should invalidate missing assessmentId" time="0.001">
    </testcase>
    <testcase classname="Assessment Schemas Parameter-only Schemas getSubmissionsForAssessment Schema should validate correct assessmentId" name="Assessment Schemas Parameter-only Schemas getSubmissionsForAssessment Schema should validate correct assessmentId" time="0.001">
    </testcase>
    <testcase classname="Assessment Schemas Parameter-only Schemas getSubmissionsForAssessment Schema should invalidate incorrect assessmentId type" name="Assessment Schemas Parameter-only Schemas getSubmissionsForAssessment Schema should invalidate incorrect assessmentId type" time="0.003">
    </testcase>
    <testcase classname="Assessment Schemas Parameter-only Schemas getSubmissionsForAssessment Schema should invalidate missing assessmentId" name="Assessment Schemas Parameter-only Schemas getSubmissionsForAssessment Schema should invalidate missing assessmentId" time="0.001">
    </testcase>
    <testcase classname="Assessment Schemas Parameter-only Schemas getAssessmentsForModule Schema should validate correct moduleId" name="Assessment Schemas Parameter-only Schemas getAssessmentsForModule Schema should validate correct moduleId" time="0.001">
    </testcase>
    <testcase classname="Assessment Schemas Parameter-only Schemas getAssessmentsForModule Schema should invalidate incorrect moduleId type" name="Assessment Schemas Parameter-only Schemas getAssessmentsForModule Schema should invalidate incorrect moduleId type" time="0.001">
    </testcase>
    <testcase classname="Assessment Schemas Parameter-only Schemas getAssessmentsForModule Schema should invalidate missing moduleId" name="Assessment Schemas Parameter-only Schemas getAssessmentsForModule Schema should invalidate missing moduleId" time="0.001">
    </testcase>
    <testcase classname="Assessment Schemas Parameter-only Schemas getStudentSubmissions Schema should validate correct assessmentId" name="Assessment Schemas Parameter-only Schemas getStudentSubmissions Schema should validate correct assessmentId" time="0.001">
    </testcase>
    <testcase classname="Assessment Schemas Parameter-only Schemas getStudentSubmissions Schema should invalidate incorrect assessmentId type" name="Assessment Schemas Parameter-only Schemas getStudentSubmissions Schema should invalidate incorrect assessmentId type" time="0.001">
    </testcase>
    <testcase classname="Assessment Schemas Parameter-only Schemas getStudentSubmissions Schema should invalidate missing assessmentId" name="Assessment Schemas Parameter-only Schemas getStudentSubmissions Schema should invalidate missing assessmentId" time="0.001">
    </testcase>
    <testcase classname="Assessment Schemas Parameter-only Schemas getStudentSubmission Schema should validate correct assessmentId" name="Assessment Schemas Parameter-only Schemas getStudentSubmission Schema should validate correct assessmentId" time="0.001">
    </testcase>
    <testcase classname="Assessment Schemas Parameter-only Schemas getStudentSubmission Schema should invalidate incorrect assessmentId type" name="Assessment Schemas Parameter-only Schemas getStudentSubmission Schema should invalidate incorrect assessmentId type" time="0.001">
    </testcase>
    <testcase classname="Assessment Schemas Parameter-only Schemas getStudentSubmission Schema should invalidate missing assessmentId" name="Assessment Schemas Parameter-only Schemas getStudentSubmission Schema should invalidate missing assessmentId" time="0.001">
    </testcase>
    <testcase classname="Assessment Schemas Parameter-only Schemas getSubmissionById Schema should validate correct submissionId" name="Assessment Schemas Parameter-only Schemas getSubmissionById Schema should validate correct submissionId" time="0.004">
    </testcase>
    <testcase classname="Assessment Schemas Parameter-only Schemas getSubmissionById Schema should invalidate incorrect submissionId type" name="Assessment Schemas Parameter-only Schemas getSubmissionById Schema should invalidate incorrect submissionId type" time="0.001">
    </testcase>
    <testcase classname="Assessment Schemas Parameter-only Schemas getSubmissionById Schema should invalidate missing submissionId" name="Assessment Schemas Parameter-only Schemas getSubmissionById Schema should invalidate missing submissionId" time="0.001">
    </testcase>
    <testcase classname="Assessment Schemas getAssessmentById Schema should validate with default query params" name="Assessment Schemas getAssessmentById Schema should validate with default query params" time="0.005">
    </testcase>
    <testcase classname="Assessment Schemas getAssessmentById Schema should validate with specific query params" name="Assessment Schemas getAssessmentById Schema should validate with specific query params" time="0.001">
    </testcase>
    <testcase classname="Assessment Schemas getAssessmentById Schema should invalidate invalid page number" name="Assessment Schemas getAssessmentById Schema should invalidate invalid page number" time="0">
    </testcase>
    <testcase classname="Assessment Schemas getAssessmentById Schema should invalidate invalid limit" name="Assessment Schemas getAssessmentById Schema should invalidate invalid limit" time="0.001">
    </testcase>
    <testcase classname="Assessment Schemas getAssessmentById Schema should validate correct params" name="Assessment Schemas getAssessmentById Schema should validate correct params" time="0.001">
    </testcase>
  </testsuite>
  <testsuite name="Error Middleware" errors="0" failures="0" skipped="0" timestamp="2025-04-15T07:16:28" time="0.324" tests="7">
    <testcase classname="Error Middleware should handle SpecificError" name="Error Middleware should handle SpecificError" time="0.013">
    </testcase>
    <testcase classname="Error Middleware should handle SequelizeUniqueConstraintError" name="Error Middleware should handle SequelizeUniqueConstraintError" time="0.005">
    </testcase>
    <testcase classname="Error Middleware should handle SequelizeValidationError" name="Error Middleware should handle SequelizeValidationError" time="0.014">
    </testcase>
    <testcase classname="Error Middleware should handle JsonWebTokenError" name="Error Middleware should handle JsonWebTokenError" time="0.004">
    </testcase>
    <testcase classname="Error Middleware should handle TokenExpiredError" name="Error Middleware should handle TokenExpiredError" time="0.006">
    </testcase>
    <testcase classname="Error Middleware should handle generic error" name="Error Middleware should handle generic error" time="0.007">
    </testcase>
    <testcase classname="Error Middleware should log error details" name="Error Middleware should log error details" time="0.005">
    </testcase>
  </testsuite>
  <testsuite name="Validation Middleware" errors="0" failures="0" skipped="0" timestamp="2025-04-15T07:16:29" time="0.41" tests="10">
    <testcase classname="Validation Middleware Body validation should pass with valid body data" name="Validation Middleware Body validation should pass with valid body data" time="0.01">
    </testcase>
    <testcase classname="Validation Middleware Body validation should fail with invalid body data" name="Validation Middleware Body validation should fail with invalid body data" time="0.008">
    </testcase>
    <testcase classname="Validation Middleware Body validation should skip body validation when schema.body is not defined" name="Validation Middleware Body validation should skip body validation when schema.body is not defined" time="0.011">
    </testcase>
    <testcase classname="Validation Middleware Query validation should pass with valid query parameters" name="Validation Middleware Query validation should pass with valid query parameters" time="0.002">
    </testcase>
    <testcase classname="Validation Middleware Query validation should fail with invalid query parameters" name="Validation Middleware Query validation should fail with invalid query parameters" time="0.01">
    </testcase>
    <testcase classname="Validation Middleware Params validation should pass with valid params" name="Validation Middleware Params validation should pass with valid params" time="0.002">
    </testcase>
    <testcase classname="Validation Middleware Params validation should fail with invalid params" name="Validation Middleware Params validation should fail with invalid params" time="0.004">
    </testcase>
    <testcase classname="Validation Middleware Combined validations should validate body, query and params together" name="Validation Middleware Combined validations should validate body, query and params together" time="0.002">
    </testcase>
    <testcase classname="Validation Middleware Combined validations should collect all validation errors from body, query and params" name="Validation Middleware Combined validations should collect all validation errors from body, query and params" time="0.007">
    </testcase>
    <testcase classname="Validation Middleware Error handling should handle thrown errors and pass them to next" name="Validation Middleware Error handling should handle thrown errors and pass them to next" time="0.001">
    </testcase>
  </testsuite>
  <testsuite name="Logger" errors="0" failures="0" skipped="0" timestamp="2025-04-15T07:16:29" time="0.283" tests="3">
    <testcase classname="Logger should log info messages" name="Logger should log info messages" time="0.006">
    </testcase>
    <testcase classname="Logger should log error messages" name="Logger should log error messages" time="0.011">
    </testcase>
    <testcase classname="Logger should include additional metadata" name="Logger should include additional metadata" time="0.003">
    </testcase>
  </testsuite>
  <testsuite name="Drive Utilities" errors="0" failures="0" skipped="0" timestamp="2025-04-15T07:16:29" time="0.218" tests="7">
    <testcase classname="Drive Utilities validateDriveUrl should return true for valid Google Drive file URLs" name="Drive Utilities validateDriveUrl should return true for valid Google Drive file URLs" time="0.003">
    </testcase>
    <testcase classname="Drive Utilities validateDriveUrl should return true for valid Google Drive folder URLs" name="Drive Utilities validateDriveUrl should return true for valid Google Drive folder URLs" time="0.002">
    </testcase>
    <testcase classname="Drive Utilities validateDriveUrl should return false for invalid Google Drive URLs" name="Drive Utilities validateDriveUrl should return false for invalid Google Drive URLs" time="0.001">
    </testcase>
    <testcase classname="Drive Utilities generatePreviewUrl should convert file URLs to preview URLs" name="Drive Utilities generatePreviewUrl should convert file URLs to preview URLs" time="0.001">
    </testcase>
    <testcase classname="Drive Utilities generatePreviewUrl should handle file URLs with different query parameters" name="Drive Utilities generatePreviewUrl should handle file URLs with different query parameters" time="0.002">
    </testcase>
    <testcase classname="Drive Utilities generatePreviewUrl should return the original URL for folder URLs" name="Drive Utilities generatePreviewUrl should return the original URL for folder URLs" time="0.001">
    </testcase>
    <testcase classname="Drive Utilities generatePreviewUrl should return the original URL for non-Google Drive URLs" name="Drive Utilities generatePreviewUrl should return the original URL for non-Google Drive URLs" time="0.001">
    </testcase>
  </testsuite>
</testsuites>